CHANGELOG:

V1.0.0(04/04/2017)
Prestashop 1.7

V1.0.9(15/01/2018)
Fix in save button in admin page
Fix send email to start started
Fix in uninstall process

V1.0.11(28/02/2018)
Fix in IPN notification, the payments wasn't changing the states.

V1.0.12(15/06/2018)
Fix in IPN notification, the order now is create only after the payment.
Fix return payment in standard checkout

V1.0.13(20/06/2018)
Fix in IPN notification

V1.0.14(20/06/2018)
Fix in IPN notification with states opened 

V1.0.15(05/11/2018)
- Fix the key used to create the orders, customer->secure_key to cart-secure_key and banner in checkout

V1.1.0(14/12/2018)
- Prestashop validation