[2019-08-14 22:09:18] [INFO]: Cart id 6 - Preference created successfully
[2019-08-14 22:09:59] [INFO]: Cart id 6 - Preference created successfully
[2019-08-14 22:10:31] [INFO]: Cart id 6 - Preference created successfully
[2019-08-14 22:20:16] [INFO]: Cart id 6 - Preference created successfully
[2019-08-14 22:30:55] [INFO]: Cart id 6 - Preference created successfully
[2019-08-14 22:31:57] [INFO]: Cart id 6 - Preference created successfully
[2019-08-14 22:37:40] [INFO]: Standard checkout configuration saved successfully
[2019-08-14 22:56:22] [INFO]: Custom checkout configuration saved successfully
[2019-08-14 22:57:38] [INFO]: Custom checkout configuration saved successfully
[2019-08-14 23:21:12] [INFO]: Cart id 6 - Preference created successfully
[2019-08-14 23:23:34] [ERROR]: The callback failed
[2019-08-14 23:27:57] [INFO]: Cart id 6 - Preference created successfully
[2019-08-14 23:42:05] [INFO]: Cart id 6 - Preference created successfully
[2019-08-15 00:00:56] [INFO]: Cart id 6 - Preference created successfully
[2019-08-15 14:08:58] [INFO]: Cart id 6 - Preference created successfully
[2019-08-15 14:09:01] [ERROR]: The callback failed
[2019-08-15 14:29:33] [INFO]: Standard checkout configuration saved successfully
[2019-08-15 14:32:47] [INFO]: Standard checkout configuration saved successfully
[2019-08-15 14:33:31] [INFO]: Standard checkout configuration saved successfully
[2019-08-15 14:53:18] [INFO]: Standard checkout configuration saved successfully
[2019-08-15 14:57:19] [INFO]: Standard checkout configuration saved successfully
[2019-08-15 14:58:41] [INFO]: Standard checkout configuration saved successfully
[2019-08-15 14:59:02] [INFO]: Cart id 6 - Preference created successfully
[2019-08-15 14:59:13] [INFO]: Standard checkout configuration saved successfully
[2019-08-15 14:59:42] [INFO]: Standard checkout configuration saved successfully
[2019-08-15 15:01:49] [INFO]: Cart id 6 - Preference created successfully
[2019-08-15 15:17:51] [INFO]: Standard checkout configuration saved successfully
[2019-08-15 15:18:45] [INFO]: Standard checkout configuration saved successfully
[2019-08-15 15:39:50] [INFO]: Standard checkout configuration saved successfully
[2019-08-15 16:04:25] [INFO]: Standard checkout configuration saved successfully
[2019-08-15 16:24:18] [INFO]: Cart id 6 - Preference created successfully
[2019-08-19 21:19:00] [INFO]: Ticket checkout configuration saved successfully
[2019-08-20 21:13:01] [INFO]: Cart id 6 - Preference created successfully
[2019-08-21 15:04:27] [INFO]: Standard checkout configuration saved successfully
[2019-08-21 15:10:27] [INFO]: Standard checkout configuration saved successfully
[2019-08-21 20:05:31] [INFO]: Standard checkout configuration saved successfully
[2019-08-21 20:57:57] [INFO]: Standard checkout configuration saved successfully
[2019-08-21 20:59:31] [ERROR]: API save_api_settings error: Internal server error
[2019-08-21 20:59:31] [INFO]: Standard checkout configuration saved successfully
[2019-08-21 21:04:28] [ERROR]: API save_api_settings error: Internal server error
[2019-08-21 21:04:28] [INFO]: Standard checkout configuration saved successfully
[2019-08-21 21:19:34] [ERROR]: API create_preferences error: installments must be a number
[2019-08-21 21:20:45] [ERROR]: API create_preferences error: installments must be a number
[2019-08-21 21:21:26] [ERROR]: API create_preferences error: installments must be a number
[2019-08-21 21:22:24] [ERROR]: API create_preferences error: installments must be a number
[2019-08-21 21:23:54] [ERROR]: API create_preferences error: installments must be a number
[2019-08-21 21:24:34] [ERROR]: API save_api_settings error: Internal server error
[2019-08-21 21:24:34] [INFO]: Standard checkout configuration saved successfully
[2019-08-21 21:24:38] [ERROR]: API create_preferences error: installments must be a number
[2019-08-21 21:27:09] [ERROR]: API save_api_settings error: Internal server error
[2019-08-21 21:27:09] [INFO]: Standard checkout configuration saved successfully
[2019-08-21 21:30:25] [ERROR]: API create_preferences error: installments must be a number
[2019-08-21 21:32:33] [ERROR]: API save_api_settings error: Internal server error
[2019-08-21 21:32:33] [INFO]: Standard checkout configuration saved successfully
[2019-08-21 21:34:22] [INFO]: Cart id 6 - Preference created successfully
[2019-08-21 22:23:47] [INFO]: Cart id 6 - Preference created successfully
[2019-08-21 22:24:04] [ERROR]: API save_api_settings error: Internal server error
[2019-08-21 22:24:04] [INFO]: Standard checkout configuration saved successfully
[2019-08-21 22:25:53] [ERROR]: API save_api_settings error: Internal server error
[2019-08-21 22:25:53] [INFO]: Credentials saved successfully
[2019-08-21 22:26:28] [ERROR]: API save_api_settings error: Internal server error
[2019-08-21 22:26:28] [INFO]: Credentials saved successfully
[2019-08-21 22:29:48] [ERROR]: API save_api_settings error: Internal server error
[2019-08-21 22:29:48] [INFO]: Standard checkout configuration saved successfully
[2019-08-21 22:30:03] [INFO]: Cart id 6 - Preference created successfully
[2019-08-21 22:33:23] [INFO]: Cart id 6 - Preference created successfully
[2019-08-21 22:34:06] [ERROR]: API save_api_settings error: Internal server error
[2019-08-21 22:34:06] [INFO]: Standard checkout configuration saved successfully
[2019-08-21 22:41:39] [ERROR]: API save_api_settings error: Internal server error
[2019-08-21 22:41:39] [INFO]: Standard checkout configuration saved successfully
[2019-08-21 22:44:19] [INFO]: Cart id 6 - Preference created successfully
[2019-08-21 22:46:39] [ERROR]: API save_api_settings error: Internal server error
[2019-08-21 22:46:39] [INFO]: Standard checkout configuration saved successfully
[2019-08-21 22:51:16] [ERROR]: API save_api_settings error: Internal server error
[2019-08-21 22:51:16] [INFO]: Credentials saved successfully
[2019-08-21 22:52:11] [ERROR]: API save_api_settings error: Internal server error
[2019-08-21 22:52:11] [INFO]: Standard checkout configuration saved successfully
[2019-08-21 22:54:53] [INFO]: Cart id 6 - Preference created successfully
[2019-08-21 22:55:14] [ERROR]: API save_api_settings error: Internal server error
[2019-08-21 22:55:14] [INFO]: Credentials saved successfully
[2019-08-21 22:56:39] [ERROR]: API save_api_settings error: Internal server error
[2019-08-21 22:56:39] [INFO]: Standard checkout configuration saved successfully
[2019-08-21 23:02:22] [INFO]: Cart id 6 - Preference created successfully
[2019-08-21 23:02:50] [INFO]: Cart id 6 - Preference created successfully
[2019-08-21 23:03:07] [INFO]: Cart id 6 - Preference created successfully
[2019-08-21 23:03:32] [INFO]: Cart id 6 - Preference created successfully
[2019-08-21 23:04:41] [INFO]: Cart id 6 - Preference created successfully
[2019-08-21 23:05:09] [INFO]: Cart id 6 - Preference created successfully
[2019-08-21 23:06:36] [INFO]: Cart id 6 - Preference created successfully
[2019-08-21 23:06:44] [INFO]: Cart id 6 - Preference created successfully
[2019-08-21 23:06:53] [INFO]: Cart id 6 - Preference created successfully
[2019-08-21 23:07:04] [INFO]: Cart id 6 - Preference created successfully
[2019-08-21 23:07:14] [INFO]: Cart id 6 - Preference created successfully
[2019-08-21 23:10:06] [INFO]: Cart id 6 - Preference created successfully
[2019-08-21 23:19:59] [ERROR]: API save_api_settings error: Internal server error
[2019-08-21 23:19:59] [INFO]: Standard checkout configuration saved successfully
[2019-08-21 23:22:26] [INFO]: Cart id 6 - Preference created successfully
[2019-08-21 23:22:43] [INFO]: Cart id 6 - Preference created successfully
[2019-08-21 23:23:01] [ERROR]: API save_api_settings error: Internal server error
[2019-08-21 23:23:01] [INFO]: Standard checkout configuration saved successfully
[2019-08-21 23:23:12] [INFO]: Cart id 6 - Preference created successfully
[2019-08-21 23:23:20] [INFO]: Cart id 6 - Preference created successfully
[2019-08-21 23:23:29] [INFO]: Cart id 6 - Preference created successfully
[2019-08-21 23:23:43] [INFO]: Cart id 6 - Preference created successfully
[2019-08-21 23:23:57] [INFO]: Cart id 6 - Preference created successfully
[2019-08-21 23:24:05] [INFO]: Cart id 6 - Preference created successfully
[2019-08-21 23:24:12] [INFO]: Cart id 6 - Preference created successfully
[2019-08-21 23:25:04] [INFO]: Cart id 6 - Preference created successfully
[2019-08-21 23:25:23] [INFO]: Cart id 6 - Preference created successfully
[2019-08-21 23:25:47] [INFO]: Cart id 6 - Preference created successfully
[2019-08-21 23:34:22] [INFO]: Cart id 6 - Preference created successfully
[2019-08-21 23:39:09] [ERROR]: API save_api_settings error: Internal server error
[2019-08-21 23:39:09] [INFO]: Standard checkout configuration saved successfully
[2019-08-21 23:39:16] [INFO]: Cart id 6 - Preference created successfully
[2019-08-21 23:40:15] [INFO]: Cart id 6 - Preference created successfully
[2019-08-21 23:41:41] [ERROR]: API save_api_settings error: Internal server error
[2019-08-21 23:41:41] [INFO]: Standard checkout configuration saved successfully
[2019-08-21 23:41:50] [INFO]: Cart id 6 - Preference created successfully
[2019-08-21 23:43:10] [INFO]: Cart id 6 - Preference created successfully
[2019-08-21 23:52:36] [INFO]: Cart id 6 - Preference created successfully
[2019-08-21 23:53:55] [INFO]: Cart id 6 - Preference created successfully
[2019-08-21 23:54:18] [INFO]: Localization saved successfully
[2019-08-21 23:54:26] [INFO]: Cart id 6 - Preference created successfully
[2019-08-21 23:55:11] [INFO]: Cart id 6 - Preference created successfully
[2019-08-22 00:00:26] [INFO]: Cart id 6 - Preference created successfully
[2019-08-22 00:09:50] [INFO]: Cart id 6 - Preference created successfully
